<?xml version="1.0" encoding="UTF-8"?>
<!-- Generated by org.testng.reporters.JUnitXMLReporter -->
<testsuite ignored="0" hostname="IT3835P19" failures="0" tests="8" name="Default test" time="1.337" errors="0" timestamp="2023-01-31T14:57:49 SGT">
  <testcase classname="com.sddevops.selenium_maven2.eclipse.DashboardTest" name="@BeforeTest beforeTest" time="1.274">
    <failure type="org.openqa.selenium.SessionNotCreatedException" message="session not created: This version of ChromeDriver only supports Chrome version 98
Current browser version is 109.0.5414.75 with binary path C:\Program Files\Google\Chrome\Application\chrome.exe
Build info: version: &amp;apos;3.141.59&amp;apos;, revision: &amp;apos;e82be7d358&amp;apos;, time: &amp;apos;2018-11-14T08:17:03&amp;apos;
System info: host: &amp;apos;IT3835P19&amp;apos;, ip: &amp;apos;172.30.210.4&amp;apos;, os.name: &amp;apos;Windows 10&amp;apos;, os.arch: &amp;apos;amd64&amp;apos;, os.version: &amp;apos;10.0&amp;apos;, java.version: &amp;apos;17&amp;apos;
Driver info: driver.version: ChromeDriver
remote stacktrace: Backtrace:
	Ordinal0 [0x003B7AC3+2587331]
	Ordinal0 [0x0034ADD1+2141649]
	Ordinal0 [0x00243BB8+1063864]
	Ordinal0 [0x00263638+1193528]
	Ordinal0 [0x0025F4B5+1176757]
	Ordinal0 [0x0025CC51+1166417]
	Ordinal0 [0x0028D12F+1364271]
	Ordinal0 [0x0028CD5A+1363290]
	Ordinal0 [0x002884A6+1344678]
	Ordinal0 [0x002653F6+1201142]
	Ordinal0 [0x002662E6+1204966]
	GetHandleVerifier [0x0055DF22+1680738]
	GetHandleVerifier [0x00610DBC+2413564]
	GetHandleVerifier [0x0044D151+563089]
	GetHandleVerifier [0x0044BF13+558419]
	Ordinal0 [0x0035081E+2164766]
	Ordinal0 [0x00355508+2184456]
	Ordinal0 [0x00355650+2184784]
	Ordinal0 [0x0035F5BC+2225596]
	BaseThreadInitThunk [0x766FFEF9+25]
	RtlGetAppContainerNamedObjectPath [0x773E7BBE+286]
	RtlGetAppContainerNamedObjectPath [0x773E7B8E+238]
">
      <![CDATA[org.openqa.selenium.SessionNotCreatedException: session not created: This version of ChromeDriver only supports Chrome version 98
Current browser version is 109.0.5414.75 with binary path C:\Program Files\Google\Chrome\Application\chrome.exe
Build info: version: '3.141.59', revision: 'e82be7d358', time: '2018-11-14T08:17:03'
System info: host: 'IT3835P19', ip: '172.30.210.4', os.name: 'Windows 10', os.arch: 'amd64', os.version: '10.0', java.version: '17'
Driver info: driver.version: ChromeDriver
remote stacktrace: Backtrace:
Ordinal0 [0x003B7AC3+2587331]
Ordinal0 [0x0034ADD1+2141649]
Ordinal0 [0x00243BB8+1063864]
Ordinal0 [0x00263638+1193528]
Ordinal0 [0x0025F4B5+1176757]
Ordinal0 [0x0025CC51+1166417]
Ordinal0 [0x0028D12F+1364271]
Ordinal0 [0x0028CD5A+1363290]
Ordinal0 [0x002884A6+1344678]
Ordinal0 [0x002653F6+1201142]
Ordinal0 [0x002662E6+1204966]
GetHandleVerifier [0x0055DF22+1680738]
GetHandleVerifier [0x00610DBC+2413564]
GetHandleVerifier [0x0044D151+563089]
GetHandleVerifier [0x0044BF13+558419]
Ordinal0 [0x0035081E+2164766]
Ordinal0 [0x00355508+2184456]
Ordinal0 [0x00355650+2184784]
Ordinal0 [0x0035F5BC+2225596]
BaseThreadInitThunk [0x766FFEF9+25]
RtlGetAppContainerNamedObjectPath [0x773E7BBE+286]
RtlGetAppContainerNamedObjectPath [0x773E7B8E+238]

at java.base/jdk.internal.reflect.NativeConstructorAccessorImpl.newInstance0(Native Method)
at java.base/jdk.internal.reflect.NativeConstructorAccessorImpl.newInstance(NativeConstructorAccessorImpl.java:77)
at java.base/jdk.internal.reflect.DelegatingConstructorAccessorImpl.newInstance(DelegatingConstructorAccessorImpl.java:45)
at java.base/java.lang.reflect.Constructor.newInstanceWithCaller(Constructor.java:499)
at java.base/java.lang.reflect.Constructor.newInstance(Constructor.java:480)
at org.openqa.selenium.remote.W3CHandshakeResponse.lambda$errorHandler$0(W3CHandshakeResponse.java:62)
at org.openqa.selenium.remote.HandshakeResponse.lambda$getResponseFunction$0(HandshakeResponse.java:30)
at org.openqa.selenium.remote.ProtocolHandshake.lambda$createSession$0(ProtocolHandshake.java:126)
at java.base/java.util.stream.ReferencePipeline$3$1.accept(ReferencePipeline.java:197)
at java.base/java.util.Spliterators$ArraySpliterator.tryAdvance(Spliterators.java:1002)
at java.base/java.util.stream.ReferencePipeline.forEachWithCancel(ReferencePipeline.java:129)
at java.base/java.util.stream.AbstractPipeline.copyIntoWithCancel(AbstractPipeline.java:527)
at java.base/java.util.stream.AbstractPipeline.copyInto(AbstractPipeline.java:513)
at java.base/java.util.stream.AbstractPipeline.wrapAndCopyInto(AbstractPipeline.java:499)
at java.base/java.util.stream.FindOps$FindOp.evaluateSequential(FindOps.java:150)
at java.base/java.util.stream.AbstractPipeline.evaluate(AbstractPipeline.java:234)
at java.base/java.util.stream.ReferencePipeline.findFirst(ReferencePipeline.java:647)
at org.openqa.selenium.remote.ProtocolHandshake.createSession(ProtocolHandshake.java:128)
at org.openqa.selenium.remote.ProtocolHandshake.createSession(ProtocolHandshake.java:74)
at org.openqa.selenium.remote.HttpCommandExecutor.execute(HttpCommandExecutor.java:136)
at org.openqa.selenium.remote.service.DriverCommandExecutor.execute(DriverCommandExecutor.java:83)
at org.openqa.selenium.remote.RemoteWebDriver.execute(RemoteWebDriver.java:552)
at org.openqa.selenium.remote.RemoteWebDriver.startSession(RemoteWebDriver.java:213)
at org.openqa.selenium.remote.RemoteWebDriver.<init>(RemoteWebDriver.java:131)
at org.openqa.selenium.chrome.ChromeDriver.<init>(ChromeDriver.java:181)
at org.openqa.selenium.chrome.ChromeDriver.<init>(ChromeDriver.java:168)
at org.openqa.selenium.chrome.ChromeDriver.<init>(ChromeDriver.java:123)
at com.sddevops.selenium_maven2.eclipse.DashboardTest.beforeTest(DashboardTest.java:54)
at java.base/jdk.internal.reflect.NativeMethodAccessorImpl.invoke0(Native Method)
at java.base/jdk.internal.reflect.NativeMethodAccessorImpl.invoke(NativeMethodAccessorImpl.java:77)
at java.base/jdk.internal.reflect.DelegatingMethodAccessorImpl.invoke(DelegatingMethodAccessorImpl.java:43)
at java.base/java.lang.reflect.Method.invoke(Method.java:568)
at org.testng.internal.MethodInvocationHelper.invokeMethod(MethodInvocationHelper.java:133)
at org.testng.internal.MethodInvocationHelper.invokeMethodConsideringTimeout(MethodInvocationHelper.java:62)
at org.testng.internal.ConfigInvoker.invokeConfigurationMethod(ConfigInvoker.java:340)
at org.testng.internal.ConfigInvoker.invokeConfigurations(ConfigInvoker.java:294)
at org.testng.TestRunner.invokeTestConfigurations(TestRunner.java:623)
at org.testng.TestRunner.beforeRun(TestRunner.java:613)
at org.testng.TestRunner.run(TestRunner.java:584)
at org.testng.SuiteRunner.runTest(SuiteRunner.java:402)
at org.testng.SuiteRunner.runSequentially(SuiteRunner.java:396)
at org.testng.SuiteRunner.privateRun(SuiteRunner.java:355)
at org.testng.SuiteRunner.run(SuiteRunner.java:304)
at org.testng.SuiteRunnerWorker.runSuite(SuiteRunnerWorker.java:53)
at org.testng.SuiteRunnerWorker.run(SuiteRunnerWorker.java:96)
at org.testng.TestNG.runSuitesSequentially(TestNG.java:1180)
at org.testng.TestNG.runSuitesLocally(TestNG.java:1102)
at org.testng.TestNG.runSuites(TestNG.java:1032)
at org.testng.TestNG.run(TestNG.java:1000)
at org.testng.remote.AbstractRemoteTestNG.run(AbstractRemoteTestNG.java:115)
at org.testng.remote.RemoteTestNG.initAndRun(RemoteTestNG.java:251)
at org.testng.remote.RemoteTestNG.main(RemoteTestNG.java:77)
]]>
    </failure>
  </testcase> <!-- @BeforeTest beforeTest -->
  <testcase classname="com.sddevops.selenium_maven2.eclipse.HomeScreenTest" name="@BeforeTest beforeTest" time="-1.675148269508E9">
    <skipped/>
  </testcase> <!-- @BeforeTest beforeTest -->
  <testcase classname="com.sddevops.selenium_maven2.eclipse.NewTest" name="@BeforeTest beforeTest" time="-1.675148269509E9">
    <skipped/>
  </testcase> <!-- @BeforeTest beforeTest -->
  <testcase classname="com.sddevops.selenium_maven2.eclipse.UserLoginTest" name="@BeforeTest beforeTest" time="-1.67514826951E9">
    <skipped/>
  </testcase> <!-- @BeforeTest beforeTest -->
  <testcase classname="com.sddevops.selenium_maven2.eclipse.DashboardTest" name="@AfterTest afterTest" time="-1.675148269558E9">
    <skipped/>
  </testcase> <!-- @AfterTest afterTest -->
  <testcase classname="com.sddevops.selenium_maven2.eclipse.HomeScreenTest" name="@AfterTest afterTest" time="-1.675148269559E9">
    <skipped/>
  </testcase> <!-- @AfterTest afterTest -->
  <testcase classname="com.sddevops.selenium_maven2.eclipse.NewTest" name="@AfterTest afterTest" time="-1.67514826956E9">
    <skipped/>
  </testcase> <!-- @AfterTest afterTest -->
  <testcase classname="com.sddevops.selenium_maven2.eclipse.UserLoginTest" name="@AfterTest afterTest" time="-1.675148269561E9">
    <skipped/>
  </testcase> <!-- @AfterTest afterTest -->
  <testcase classname="com.sddevops.selenium_maven2.eclipse.HomeScreenTest" name="checkId" time="0.0">
    <skipped/>
  </testcase> <!-- checkId -->
  <testcase classname="com.sddevops.selenium_maven2.eclipse.HomeScreenTest" name="checkTitle" time="0.0">
    <skipped/>
  </testcase> <!-- checkTitle -->
  <testcase classname="com.sddevops.selenium_maven2.eclipse.NewTest" name="checkId" time="0.0">
    <skipped/>
  </testcase> <!-- checkId -->
  <testcase classname="com.sddevops.selenium_maven2.eclipse.NewTest" name="checkTitle" time="0.0">
    <skipped/>
  </testcase> <!-- checkTitle -->
  <testcase classname="com.sddevops.selenium_maven2.eclipse.DashboardTest" name="checkId" time="0.0">
    <skipped/>
  </testcase> <!-- checkId -->
  <testcase classname="com.sddevops.selenium_maven2.eclipse.DashboardTest" name="checkTitle" time="0.0">
    <skipped/>
  </testcase> <!-- checkTitle -->
  <testcase classname="com.sddevops.selenium_maven2.eclipse.UserLoginTest" name="checkId" time="0.0">
    <skipped/>
  </testcase> <!-- checkId -->
  <testcase classname="com.sddevops.selenium_maven2.eclipse.UserLoginTest" name="checkTitle" time="0.0">
    <skipped/>
  </testcase> <!-- checkTitle -->
</testsuite> <!-- Default test -->
